mode: set
user-service/internal/repositories/customerRepository.go:19.54,21.2 1 1
user-service/internal/repositories/customerRepository.go:23.101,27.16 3 1
user-service/internal/repositories/customerRepository.go:27.16,29.3 1 1
user-service/internal/repositories/customerRepository.go:30.2,30.12 1 1
user-service/internal/repositories/customerRepository.go:33.115,38.16 2 1
user-service/internal/repositories/customerRepository.go:38.16,40.3 1 1
user-service/internal/repositories/customerRepository.go:41.2,44.17 3 1
user-service/internal/repositories/customerRepository.go:44.17,51.17 1 1
user-service/internal/repositories/customerRepository.go:51.17,53.4 1 0
user-service/internal/repositories/customerRepository.go:54.3,54.24 1 1
user-service/internal/repositories/customerRepository.go:57.2,57.27 1 1
user-service/internal/repositories/customerRepository.go:60.119,65.16 2 1
user-service/internal/repositories/customerRepository.go:65.16,67.3 1 1
user-service/internal/repositories/customerRepository.go:68.2,71.17 3 1
user-service/internal/repositories/customerRepository.go:71.17,78.17 1 1
user-service/internal/repositories/customerRepository.go:78.17,80.4 1 0
user-service/internal/repositories/customerRepository.go:81.3,81.24 1 1
user-service/internal/repositories/customerRepository.go:84.2,84.27 1 1
user-service/internal/repositories/customerRepository.go:87.97,89.16 2 1
user-service/internal/repositories/customerRepository.go:89.16,91.3 1 1
user-service/internal/repositories/customerRepository.go:92.2,96.18 3 1
user-service/internal/repositories/customerRepository.go:96.18,105.17 2 1
user-service/internal/repositories/customerRepository.go:105.17,107.4 1 0
user-service/internal/repositories/customerRepository.go:108.3,108.42 1 1
user-service/internal/repositories/customerRepository.go:111.2,111.23 1 1
user-service/internal/repositories/repository.go:19.21,21.16 2 0
user-service/internal/repositories/repository.go:21.16,23.3 1 0
user-service/internal/repositories/repository.go:25.2,25.11 1 0
user-service/internal/repositories/userRepository.go:19.46,21.2 1 1
user-service/internal/repositories/userRepository.go:23.85,27.16 3 1
user-service/internal/repositories/userRepository.go:27.16,29.3 1 1
user-service/internal/repositories/userRepository.go:30.2,30.12 1 1
user-service/internal/repositories/userRepository.go:33.101,38.16 2 1
user-service/internal/repositories/userRepository.go:38.16,40.3 1 1
user-service/internal/repositories/userRepository.go:41.2,44.17 3 1
user-service/internal/repositories/userRepository.go:44.17,51.17 1 1
user-service/internal/repositories/userRepository.go:51.17,53.4 1 0
user-service/internal/repositories/userRepository.go:54.3,54.20 1 1
user-service/internal/repositories/userRepository.go:57.2,57.27 1 1
user-service/internal/repositories/userRepository.go:60.95,65.16 2 1
user-service/internal/repositories/userRepository.go:65.16,67.3 1 1
user-service/internal/repositories/userRepository.go:68.2,71.17 3 1
user-service/internal/repositories/userRepository.go:71.17,78.17 1 1
user-service/internal/repositories/userRepository.go:78.17,80.4 1 0
user-service/internal/repositories/userRepository.go:81.3,81.20 1 1
user-service/internal/repositories/userRepository.go:84.2,84.27 1 1
user-service/internal/repositories/userRepository.go:87.85,89.16 2 1
user-service/internal/repositories/userRepository.go:89.16,91.3 1 1
user-service/internal/repositories/userRepository.go:92.2,96.18 3 1
user-service/internal/repositories/userRepository.go:96.18,105.17 2 1
user-service/internal/repositories/userRepository.go:105.17,107.4 1 0
user-service/internal/repositories/userRepository.go:108.3,108.30 1 1
user-service/internal/repositories/userRepository.go:111.2,111.19 1 1
user-service/internal/service/customer.go:22.83,24.2 1 1
user-service/internal/service/customer.go:26.121,30.16 3 1
user-service/internal/service/customer.go:30.16,34.3 3 1
user-service/internal/service/customer.go:36.2,36.23 1 1
user-service/internal/service/customer.go:39.119,42.29 2 1
user-service/internal/service/customer.go:42.29,44.17 2 1
user-service/internal/service/customer.go:44.17,48.4 3 1
user-service/internal/service/customer.go:50.3,52.23 2 1
user-service/internal/service/customer.go:55.2,55.27 1 1
user-service/internal/service/customer.go:55.27,57.17 2 1
user-service/internal/service/customer.go:57.17,61.4 3 1
user-service/internal/service/customer.go:63.3,65.23 2 1
user-service/internal/service/customer.go:68.2,69.16 2 1
user-service/internal/service/customer.go:69.16,73.3 3 1
user-service/internal/service/customer.go:75.2,75.22 1 1
user-service/internal/service/user.go:25.98,30.2 1 1
user-service/internal/service/user.go:32.130,35.16 3 1
user-service/internal/service/user.go:35.16,39.3 3 1
user-service/internal/service/user.go:40.2,45.16 5 1
user-service/internal/service/user.go:45.16,49.3 3 1
user-service/internal/service/user.go:51.2,54.16 3 1
user-service/internal/service/user.go:54.16,56.3 1 0
user-service/internal/service/user.go:58.2,58.19 1 1
user-service/internal/service/user.go:61.99,64.22 2 1
user-service/internal/service/user.go:64.22,66.17 2 1
user-service/internal/service/user.go:66.17,70.4 3 1
user-service/internal/service/user.go:72.3,74.23 2 1
user-service/internal/service/user.go:77.2,78.16 2 1
user-service/internal/service/user.go:78.16,82.3 3 1
user-service/internal/service/user.go:84.2,84.22 1 1
user-service/internal/channels/rest/customer.go:21.67,25.2 1 1
user-service/internal/channels/rest/customer.go:27.49,29.2 1 1
user-service/internal/channels/rest/customer.go:31.48,38.16 3 1
user-service/internal/channels/rest/customer.go:38.16,42.3 1 1
user-service/internal/channels/rest/customer.go:44.2,46.33 2 1
user-service/internal/channels/rest/customer.go:46.33,48.3 1 1
user-service/internal/channels/rest/customer.go:50.2,50.39 1 1
user-service/internal/channels/rest/mapping.go:5.80,14.2 1 1
user-service/internal/channels/rest/mapping.go:16.71,24.2 1 1
user-service/internal/channels/rest/mapping.go:26.55,33.2 1 1
user-service/internal/channels/rest/rest.go:20.75,25.2 1 1
user-service/internal/channels/rest/rest.go:27.29,41.2 8 1
user-service/internal/channels/rest/user.go:24.96,28.2 1 1
user-service/internal/channels/rest/user.go:30.45,36.2 4 1
user-service/internal/channels/rest/user.go:38.45,41.45 2 1
user-service/internal/channels/rest/user.go:41.45,45.3 1 1
user-service/internal/channels/rest/user.go:47.2,50.16 3 1
user-service/internal/channels/rest/user.go:50.16,54.3 1 1
user-service/internal/channels/rest/user.go:56.2,56.53 1 1
user-service/internal/channels/rest/user.go:59.44,65.16 3 1
user-service/internal/channels/rest/user.go:65.16,69.3 1 1
user-service/internal/channels/rest/user.go:70.2,72.33 2 1
user-service/internal/channels/rest/user.go:72.33,74.3 1 1
user-service/internal/channels/rest/user.go:76.2,76.39 1 1
user-service/internal/channels/grpc/customer.go:18.71,21.16 3 1
user-service/internal/channels/grpc/customer.go:21.16,23.3 1 0
user-service/internal/channels/grpc/customer.go:25.2,29.31 2 1
user-service/internal/channels/grpc/customer.go:32.134,36.16 3 1
user-service/internal/channels/grpc/customer.go:36.16,38.3 1 0
user-service/internal/channels/grpc/customer.go:40.2,40.40 1 1
user-service/internal/channels/grpc/mapping.go:9.78,14.2 1 1
user-service/internal/channels/grpc/mapping.go:16.83,19.34 2 1
user-service/internal/channels/grpc/mapping.go:19.34,29.3 2 1
user-service/internal/channels/grpc/mapping.go:31.2,31.18 1 1
user-service/internal/channels/grpc/mapping.go:34.62,38.2 1 1
user-service/internal/channels/grpc/mapping.go:40.63,43.30 2 1
user-service/internal/channels/grpc/mapping.go:43.30,52.3 2 1
user-service/internal/channels/grpc/mapping.go:54.2,54.18 1 1
user-service/internal/channels/grpc/user.go:18.62,21.16 3 1
user-service/internal/channels/grpc/user.go:21.16,23.3 1 0
user-service/internal/channels/grpc/user.go:25.2,29.31 2 1
user-service/internal/channels/grpc/user.go:32.106,36.16 3 1
user-service/internal/channels/grpc/user.go:36.16,38.3 1 0
user-service/internal/channels/grpc/user.go:40.2,40.36 1 1
